<?xml version="1.0" encoding="UTF-8"?>
<testsuite name="com.jyp_board.board_app.controller.DataRestTest" tests="1" skipped="1" failures="0" errors="0" timestamp="2024-01-31T13:49:17" hostname="DESKTOP-3TJLK6E" time="0.0">
  <properties/>
  <testcase name="[api] 게시글 리스트 조회" classname="com.jyp_board.board_app.controller.DataRestTest" time="0.0">
    <skipped/>
  </testcase>
  <system-out><![CDATA[]]></system-out>
  <system-err><![CDATA[]]></system-err>
</testsuite>
